<?xml version="1.0" encoding="UTF-8"?>
<!-- Generated by org.testng.reporters.JUnitReportReporter -->
<testsuite skipped="0" hostname="LAPTOP-1D924461" name="test.Homepage" tests="1" failures="0" timestamp="03 Sep 2022 15:02:36 GMT" time="4.612" errors="0">
  <testcase name="userShouldBeOnHomePage" time="4.612" classname="test.Homepage"/>
</testsuite> <!-- test.Homepage -->
