<?xml version="1.0" encoding="UTF-8"?>
<!-- Generated by org.testng.reporters.JUnitReportReporter -->
<testsuite skipped="0" hostname="LAPTOP-1D924461" name="test.BackgroundColorsTest" tests="1" failures="0" timestamp="04 Sep 2022 16:59:22 GMT" time="2.280" errors="0">
  <testcase name="changebackgroundcolors" time="2.280" classname="test.BackgroundColorsTest"/>
</testsuite> <!-- test.BackgroundColorsTest -->
