<?xml version="1.0" encoding="UTF-8"?>
<!-- Generated by org.testng.reporters.JUnitReportReporter -->
<testsuite skipped="0" hostname="LAPTOP-1D924461" name="test.AddCategorytest" tests="1" failures="0" timestamp="04 Sep 2022 15:09:53 GMT" time="10.610" errors="0">
  <testcase name="newcategory" time="10.610" classname="test.AddCategorytest"/>
</testsuite> <!-- test.AddCategorytest -->
